0 verbose cli C:\Program Files\nodejs\node.exe C:\Program Files\nodejs\node_modules\npm\bin\npm-cli.js
1 info using npm@10.9.2
2 info using node@v22.15.0
3 silly config load:file:C:\Program Files\nodejs\node_modules\npm\npmrc
4 silly config load:file:D:\Giao_trinh_dai_hoc\he_thong_nhung\SmartDrip\frontend\.npmrc
5 silly config load:file:C:\Users\vohuy\.npmrc
6 silly config load:file:C:\Users\vohuy\AppData\Roaming\npm\etc\npmrc
7 verbose title npm exec expo-doctor
8 verbose argv "exec" "--" "expo-doctor"
9 verbose logfile logs-max:10 dir:D:\Giao_trinh_dai_hoc\he_thong_nhung\SmartDrip\frontend\.npm-cache-tmp\_logs\2025-11-16T01_13_51_176Z-
10 verbose logfile D:\Giao_trinh_dai_hoc\he_thong_nhung\SmartDrip\frontend\.npm-cache-tmp\_logs\2025-11-16T01_13_51_176Z-debug-0.log
11 silly logfile start cleaning logs, removing 1 files
12 silly logfile done cleaning log files
13 silly packumentCache heap:2197815296 maxSize:549453824 maxEntrySize:274726912
14 http fetch GET 200 https://registry.npmjs.org/expo-doctor 888ms (cache revalidated)
15 silly packumentCache heap:2197815296 maxSize:549453824 maxEntrySize:274726912
16 silly packumentCache heap:2197815296 maxSize:549453824 maxEntrySize:274726912
17 verbose cwd D:\Giao_trinh_dai_hoc\he_thong_nhung\SmartDrip\frontend
18 verbose os Windows_NT 10.0.26200
19 verbose node v22.15.0
20 verbose npm  v10.9.2
21 verbose exit 0
22 info ok
